<?xml version="1.0" encoding="UTF-8"?>
<testsuite xmlns:xsi="http://www.w3.org/2001/XMLSchema-instance" xsi:noNamespaceSchemaLocation="https://maven.apache.org/surefire/maven-surefire-plugin/xsd/surefire-test-report.xsd" name="com.github.m1santhrop.telegrambot.command.DeleteGroupSubCommandTest" time="0.501" tests="5" errors="0" skipped="0" failures="0">
  <properties>
    <property name="java.specification.version" value="18"/>
    <property name="sun.jnu.encoding" value="UTF-8"/>
    <property name="java.class.path" value="/Users/dmitrytimofeev/Desktop/Projects/telegrambot/target/test-classes:/Users/dmitrytimofeev/Desktop/Projects/telegrambot/target/classes:/Users/dmitrytimofeev/.m2/repository/org/springframework/boot/spring-boot-starter/2.6.11/spring-boot-starter-2.6.11.jar:/Users/dmitrytimofeev/.m2/repository/org/springframework/boot/spring-boot/2.6.11/spring-boot-2.6.11.jar:/Users/dmitrytimofeev/.m2/repository/org/springframework/spring-context/5.3.22/spring-context-5.3.22.jar:/Users/dmitrytimofeev/.m2/repository/org/springframework/spring-expression/5.3.22/spring-expression-5.3.22.jar:/Users/dmitrytimofeev/.m2/repository/org/springframework/boot/spring-boot-autoconfigure/2.6.11/spring-boot-autoconfigure-2.6.11.jar:/Users/dmitrytimofeev/.m2/repository/org/springframework/boot/spring-boot-starter-logging/2.6.11/spring-boot-starter-logging-2.6.11.jar:/Users/dmitrytimofeev/.m2/repository/ch/qos/logback/logback-classic/1.2.11/logback-classic-1.2.11.jar:/Users/dmitrytimofeev/.m2/repository/ch/qos/logback/logback-core/1.2.11/logback-core-1.2.11.jar:/Users/dmitrytimofeev/.m2/repository/org/apache/logging/log4j/log4j-to-slf4j/2.17.2/log4j-to-slf4j-2.17.2.jar:/Users/dmitrytimofeev/.m2/repository/org/apache/logging/log4j/log4j-api/2.17.2/log4j-api-2.17.2.jar:/Users/dmitrytimofeev/.m2/repository/org/slf4j/jul-to-slf4j/1.7.36/jul-to-slf4j-1.7.36.jar:/Users/dmitrytimofeev/.m2/repository/jakarta/annotation/jakarta.annotation-api/1.3.5/jakarta.annotation-api-1.3.5.jar:/Users/dmitrytimofeev/.m2/repository/org/springframework/spring-core/5.3.22/spring-core-5.3.22.jar:/Users/dmitrytimofeev/.m2/repository/org/springframework/spring-jcl/5.3.22/spring-jcl-5.3.22.jar:/Users/dmitrytimofeev/.m2/repository/org/yaml/snakeyaml/1.29/snakeyaml-1.29.jar:/Users/dmitrytimofeev/.m2/repository/org/telegram/telegrambots-spring-boot-starter/6.1.0/telegrambots-spring-boot-starter-6.1.0.jar:/Users/dmitrytimofeev/.m2/repository/org/telegram/telegrambots/6.1.0/telegrambots-6.1.0.jar:/Users/dmitrytimofeev/.m2/repository/org/telegram/telegrambots-meta/6.1.0/telegrambots-meta-6.1.0.jar:/Users/dmitrytimofeev/.m2/repository/com/google/guava/guava/31.1-jre/guava-31.1-jre.jar:/Users/dmitrytimofeev/.m2/repository/com/google/guava/failureaccess/1.0.1/failureaccess-1.0.1.jar:/Users/dmitrytimofeev/.m2/repository/com/google/guava/listenablefuture/9999.0-empty-to-avoid-conflict-with-guava/listenablefuture-9999.0-empty-to-avoid-conflict-with-guava.jar:/Users/dmitrytimofeev/.m2/repository/com/google/code/findbugs/jsr305/3.0.2/jsr305-3.0.2.jar:/Users/dmitrytimofeev/.m2/repository/com/google/errorprone/error_prone_annotations/2.11.0/error_prone_annotations-2.11.0.jar:/Users/dmitrytimofeev/.m2/repository/com/google/j2objc/j2objc-annotations/1.3/j2objc-annotations-1.3.jar:/Users/dmitrytimofeev/.m2/repository/com/fasterxml/jackson/core/jackson-annotations/2.13.3/jackson-annotations-2.13.3.jar:/Users/dmitrytimofeev/.m2/repository/com/fasterxml/jackson/jaxrs/jackson-jaxrs-json-provider/2.13.3/jackson-jaxrs-json-provider-2.13.3.jar:/Users/dmitrytimofeev/.m2/repository/com/fasterxml/jackson/jaxrs/jackson-jaxrs-base/2.13.3/jackson-jaxrs-base-2.13.3.jar:/Users/dmitrytimofeev/.m2/repository/com/fasterxml/jackson/module/jackson-module-jaxb-annotations/2.13.3/jackson-module-jaxb-annotations-2.13.3.jar:/Users/dmitrytimofeev/.m2/repository/com/fasterxml/jackson/core/jackson-core/2.13.3/jackson-core-2.13.3.jar:/Users/dmitrytimofeev/.m2/repository/com/fasterxml/jackson/core/jackson-databind/2.13.3/jackson-databind-2.13.3.jar:/Users/dmitrytimofeev/.m2/repository/org/glassfish/jersey/inject/jersey-hk2/2.35/jersey-hk2-2.35.jar:/Users/dmitrytimofeev/.m2/repository/org/glassfish/jersey/core/jersey-common/2.35/jersey-common-2.35.jar:/Users/dmitrytimofeev/.m2/repository/org/glassfish/hk2/osgi-resource-locator/1.0.3/osgi-resource-locator-1.0.3.jar:/Users/dmitrytimofeev/.m2/repository/org/glassfish/hk2/hk2-locator/2.6.1/hk2-locator-2.6.1.jar:/Users/dmitrytimofeev/.m2/repository/org/glassfish/hk2/external/aopalliance-repackaged/2.6.1/aopalliance-repackaged-2.6.1.jar:/Users/dmitrytimofeev/.m2/repository/org/glassfish/hk2/hk2-api/2.6.1/hk2-api-2.6.1.jar:/Users/dmitrytimofeev/.m2/repository/org/glassfish/hk2/hk2-utils/2.6.1/hk2-utils-2.6.1.jar:/Users/dmitrytimofeev/.m2/repository/org/javassist/javassist/3.25.0-GA/javassist-3.25.0-GA.jar:/Users/dmitrytimofeev/.m2/repository/org/glassfish/jersey/media/jersey-media-json-jackson/2.35/jersey-media-json-jackson-2.35.jar:/Users/dmitrytimofeev/.m2/repository/org/glassfish/jersey/ext/jersey-entity-filtering/2.35/jersey-entity-filtering-2.35.jar:/Users/dmitrytimofeev/.m2/repository/org/glassfish/jersey/containers/jersey-container-grizzly2-http/2.35/jersey-container-grizzly2-http-2.35.jar:/Users/dmitrytimofeev/.m2/repository/org/glassfish/hk2/external/jakarta.inject/2.6.1/jakarta.inject-2.6.1.jar:/Users/dmitrytimofeev/.m2/repository/org/glassfish/grizzly/grizzly-http-server/2.4.4/grizzly-http-server-2.4.4.jar:/Users/dmitrytimofeev/.m2/repository/org/glassfish/grizzly/grizzly-http/2.4.4/grizzly-http-2.4.4.jar:/Users/dmitrytimofeev/.m2/repository/org/glassfish/grizzly/grizzly-framework/2.4.4/grizzly-framework-2.4.4.jar:/Users/dmitrytimofeev/.m2/repository/jakarta/ws/rs/jakarta.ws.rs-api/2.1.6/jakarta.ws.rs-api-2.1.6.jar:/Users/dmitrytimofeev/.m2/repository/org/glassfish/jersey/core/jersey-server/2.35/jersey-server-2.35.jar:/Users/dmitrytimofeev/.m2/repository/org/glassfish/jersey/core/jersey-client/2.35/jersey-client-2.35.jar:/Users/dmitrytimofeev/.m2/repository/jakarta/validation/jakarta.validation-api/2.0.2/jakarta.validation-api-2.0.2.jar:/Users/dmitrytimofeev/.m2/repository/org/json/json/20220320/json-20220320.jar:/Users/dmitrytimofeev/.m2/repository/commons-io/commons-io/2.11.0/commons-io-2.11.0.jar:/Users/dmitrytimofeev/.m2/repository/org/slf4j/slf4j-api/1.7.36/slf4j-api-1.7.36.jar:/Users/dmitrytimofeev/.m2/repository/org/flywaydb/flyway-core/8.0.5/flyway-core-8.0.5.jar:/Users/dmitrytimofeev/.m2/repository/mysql/mysql-connector-java/8.0.30/mysql-connector-java-8.0.30.jar:/Users/dmitrytimofeev/.m2/repository/org/springframework/boot/spring-boot-starter-data-jpa/2.6.11/spring-boot-starter-data-jpa-2.6.11.jar:/Users/dmitrytimofeev/.m2/repository/org/springframework/boot/spring-boot-starter-aop/2.6.11/spring-boot-starter-aop-2.6.11.jar:/Users/dmitrytimofeev/.m2/repository/org/springframework/spring-aop/5.3.22/spring-aop-5.3.22.jar:/Users/dmitrytimofeev/.m2/repository/org/aspectj/aspectjweaver/1.9.7/aspectjweaver-1.9.7.jar:/Users/dmitrytimofeev/.m2/repository/org/springframework/boot/spring-boot-starter-jdbc/2.6.11/spring-boot-starter-jdbc-2.6.11.jar:/Users/dmitrytimofeev/.m2/repository/com/zaxxer/HikariCP/4.0.3/HikariCP-4.0.3.jar:/Users/dmitrytimofeev/.m2/repository/org/springframework/spring-jdbc/5.3.22/spring-jdbc-5.3.22.jar:/Users/dmitrytimofeev/.m2/repository/jakarta/transaction/jakarta.transaction-api/1.3.3/jakarta.transaction-api-1.3.3.jar:/Users/dmitrytimofeev/.m2/repository/jakarta/persistence/jakarta.persistence-api/2.2.3/jakarta.persistence-api-2.2.3.jar:/Users/dmitrytimofeev/.m2/repository/org/hibernate/hibernate-core/5.6.10.Final/hibernate-core-5.6.10.Final.jar:/Users/dmitrytimofeev/.m2/repository/org/jboss/logging/jboss-logging/3.4.3.Final/jboss-logging-3.4.3.Final.jar:/Users/dmitrytimofeev/.m2/repository/net/bytebuddy/byte-buddy/1.11.22/byte-buddy-1.11.22.jar:/Users/dmitrytimofeev/.m2/repository/antlr/antlr/2.7.7/antlr-2.7.7.jar:/Users/dmitrytimofeev/.m2/repository/org/jboss/jandex/2.4.2.Final/jandex-2.4.2.Final.jar:/Users/dmitrytimofeev/.m2/repository/com/fasterxml/classmate/1.5.1/classmate-1.5.1.jar:/Users/dmitrytimofeev/.m2/repository/org/hibernate/common/hibernate-commons-annotations/5.1.2.Final/hibernate-commons-annotations-5.1.2.Final.jar:/Users/dmitrytimofeev/.m2/repository/org/glassfish/jaxb/jaxb-runtime/2.3.6/jaxb-runtime-2.3.6.jar:/Users/dmitrytimofeev/.m2/repository/org/glassfish/jaxb/txw2/2.3.6/txw2-2.3.6.jar:/Users/dmitrytimofeev/.m2/repository/com/sun/istack/istack-commons-runtime/3.0.12/istack-commons-runtime-3.0.12.jar:/Users/dmitrytimofeev/.m2/repository/com/sun/activation/jakarta.activation/1.2.2/jakarta.activation-1.2.2.jar:/Users/dmitrytimofeev/.m2/repository/org/springframework/data/spring-data-jpa/2.6.6/spring-data-jpa-2.6.6.jar:/Users/dmitrytimofeev/.m2/repository/org/springframework/data/spring-data-commons/2.6.6/spring-data-commons-2.6.6.jar:/Users/dmitrytimofeev/.m2/repository/org/springframework/spring-orm/5.3.22/spring-orm-5.3.22.jar:/Users/dmitrytimofeev/.m2/repository/org/springframework/spring-tx/5.3.22/spring-tx-5.3.22.jar:/Users/dmitrytimofeev/.m2/repository/org/springframework/spring-beans/5.3.22/spring-beans-5.3.22.jar:/Users/dmitrytimofeev/.m2/repository/org/springframework/spring-aspects/5.3.22/spring-aspects-5.3.22.jar:/Users/dmitrytimofeev/.m2/repository/org/projectlombok/lombok/1.18.24/lombok-1.18.24.jar:/Users/dmitrytimofeev/.m2/repository/com/konghq/unirest-java/3.13.11/unirest-java-3.13.11.jar:/Users/dmitrytimofeev/.m2/repository/org/apache/httpcomponents/httpclient/4.5.13/httpclient-4.5.13.jar:/Users/dmitrytimofeev/.m2/repository/org/apache/httpcomponents/httpcore/4.4.15/httpcore-4.4.15.jar:/Users/dmitrytimofeev/.m2/repository/org/apache/httpcomponents/httpmime/4.5.13/httpmime-4.5.13.jar:/Users/dmitrytimofeev/.m2/repository/org/apache/httpcomponents/httpcore-nio/4.4.15/httpcore-nio-4.4.15.jar:/Users/dmitrytimofeev/.m2/repository/org/apache/httpcomponents/httpasyncclient/4.1.5/httpasyncclient-4.1.5.jar:/Users/dmitrytimofeev/.m2/repository/commons-codec/commons-codec/1.15/commons-codec-1.15.jar:/Users/dmitrytimofeev/.m2/repository/com/google/code/gson/gson/2.8.9/gson-2.8.9.jar:/Users/dmitrytimofeev/.m2/repository/org/apache/commons/commons-lang3/3.12.0/commons-lang3-3.12.0.jar:/Users/dmitrytimofeev/.m2/repository/org/postgresql/postgresql/42.5.0/postgresql-42.5.0.jar:/Users/dmitrytimofeev/.m2/repository/org/checkerframework/checker-qual/3.5.0/checker-qual-3.5.0.jar:/Users/dmitrytimofeev/.m2/repository/org/springframework/boot/spring-boot-starter-test/2.6.11/spring-boot-starter-test-2.6.11.jar:/Users/dmitrytimofeev/.m2/repository/org/springframework/boot/spring-boot-test/2.6.11/spring-boot-test-2.6.11.jar:/Users/dmitrytimofeev/.m2/repository/org/springframework/boot/spring-boot-test-autoconfigure/2.6.11/spring-boot-test-autoconfigure-2.6.11.jar:/Users/dmitrytimofeev/.m2/repository/com/jayway/jsonpath/json-path/2.6.0/json-path-2.6.0.jar:/Users/dmitrytimofeev/.m2/repository/net/minidev/json-smart/2.4.8/json-smart-2.4.8.jar:/Users/dmitrytimofeev/.m2/repository/net/minidev/accessors-smart/2.4.8/accessors-smart-2.4.8.jar:/Users/dmitrytimofeev/.m2/repository/org/ow2/asm/asm/9.1/asm-9.1.jar:/Users/dmitrytimofeev/.m2/repository/jakarta/xml/bind/jakarta.xml.bind-api/2.3.3/jakarta.xml.bind-api-2.3.3.jar:/Users/dmitrytimofeev/.m2/repository/jakarta/activation/jakarta.activation-api/1.2.2/jakarta.activation-api-1.2.2.jar:/Users/dmitrytimofeev/.m2/repository/org/assertj/assertj-core/3.21.0/assertj-core-3.21.0.jar:/Users/dmitrytimofeev/.m2/repository/org/hamcrest/hamcrest/2.2/hamcrest-2.2.jar:/Users/dmitrytimofeev/.m2/repository/org/junit/jupiter/junit-jupiter/5.8.2/junit-jupiter-5.8.2.jar:/Users/dmitrytimofeev/.m2/repository/org/junit/jupiter/junit-jupiter-api/5.8.2/junit-jupiter-api-5.8.2.jar:/Users/dmitrytimofeev/.m2/repository/org/opentest4j/opentest4j/1.2.0/opentest4j-1.2.0.jar:/Users/dmitrytimofeev/.m2/repository/org/junit/platform/junit-platform-commons/1.8.2/junit-platform-commons-1.8.2.jar:/Users/dmitrytimofeev/.m2/repository/org/apiguardian/apiguardian-api/1.1.2/apiguardian-api-1.1.2.jar:/Users/dmitrytimofeev/.m2/repository/org/junit/jupiter/junit-jupiter-params/5.8.2/junit-jupiter-params-5.8.2.jar:/Users/dmitrytimofeev/.m2/repository/org/junit/jupiter/junit-jupiter-engine/5.8.2/junit-jupiter-engine-5.8.2.jar:/Users/dmitrytimofeev/.m2/repository/org/junit/platform/junit-platform-engine/1.8.2/junit-platform-engine-1.8.2.jar:/Users/dmitrytimofeev/.m2/repository/org/mockito/mockito-core/4.0.0/mockito-core-4.0.0.jar:/Users/dmitrytimofeev/.m2/repository/net/bytebuddy/byte-buddy-agent/1.11.22/byte-buddy-agent-1.11.22.jar:/Users/dmitrytimofeev/.m2/repository/org/objenesis/objenesis/3.2/objenesis-3.2.jar:/Users/dmitrytimofeev/.m2/repository/org/mockito/mockito-junit-jupiter/4.0.0/mockito-junit-jupiter-4.0.0.jar:/Users/dmitrytimofeev/.m2/repository/org/skyscreamer/jsonassert/1.5.1/jsonassert-1.5.1.jar:/Users/dmitrytimofeev/.m2/repository/com/vaadin/external/google/android-json/0.0.20131108.vaadin1/android-json-0.0.20131108.vaadin1.jar:/Users/dmitrytimofeev/.m2/repository/org/springframework/spring-test/5.3.22/spring-test-5.3.22.jar:/Users/dmitrytimofeev/.m2/repository/org/xmlunit/xmlunit-core/2.8.4/xmlunit-core-2.8.4.jar:"/>
    <property name="java.vm.vendor" value="Oracle Corporation"/>
    <property name="sun.arch.data.model" value="64"/>
    <property name="java.vendor.url" value="https://java.oracle.com/"/>
    <property name="os.name" value="Mac OS X"/>
    <property name="java.vm.specification.version" value="18"/>
    <property name="sun.java.launcher" value="SUN_STANDARD"/>
    <property name="user.country" value="US"/>
    <property name="sun.boot.library.path" value="/Library/Java/JavaVirtualMachines/jdk-18.0.1.1.jdk/Contents/Home/lib"/>
    <property name="sun.java.command" value="/Users/dmitrytimofeev/Desktop/Projects/telegrambot/target/surefire/surefirebooter15764284513332382195.jar /Users/dmitrytimofeev/Desktop/Projects/telegrambot/target/surefire 2022-09-05T18-03-02_547-jvmRun1 surefire4045105143775697047tmp surefire_07850470091541702314tmp"/>
    <property name="http.nonProxyHosts" value="local|*.local|169.254/16|*.169.254/16"/>
    <property name="jdk.debug" value="release"/>
    <property name="surefire.test.class.path" value="/Users/dmitrytimofeev/Desktop/Projects/telegrambot/target/test-classes:/Users/dmitrytimofeev/Desktop/Projects/telegrambot/target/classes:/Users/dmitrytimofeev/.m2/repository/org/springframework/boot/spring-boot-starter/2.6.11/spring-boot-starter-2.6.11.jar:/Users/dmitrytimofeev/.m2/repository/org/springframework/boot/spring-boot/2.6.11/spring-boot-2.6.11.jar:/Users/dmitrytimofeev/.m2/repository/org/springframework/spring-context/5.3.22/spring-context-5.3.22.jar:/Users/dmitrytimofeev/.m2/repository/org/springframework/spring-expression/5.3.22/spring-expression-5.3.22.jar:/Users/dmitrytimofeev/.m2/repository/org/springframework/boot/spring-boot-autoconfigure/2.6.11/spring-boot-autoconfigure-2.6.11.jar:/Users/dmitrytimofeev/.m2/repository/org/springframework/boot/spring-boot-starter-logging/2.6.11/spring-boot-starter-logging-2.6.11.jar:/Users/dmitrytimofeev/.m2/repository/ch/qos/logback/logback-classic/1.2.11/logback-classic-1.2.11.jar:/Users/dmitrytimofeev/.m2/repository/ch/qos/logback/logback-core/1.2.11/logback-core-1.2.11.jar:/Users/dmitrytimofeev/.m2/repository/org/apache/logging/log4j/log4j-to-slf4j/2.17.2/log4j-to-slf4j-2.17.2.jar:/Users/dmitrytimofeev/.m2/repository/org/apache/logging/log4j/log4j-api/2.17.2/log4j-api-2.17.2.jar:/Users/dmitrytimofeev/.m2/repository/org/slf4j/jul-to-slf4j/1.7.36/jul-to-slf4j-1.7.36.jar:/Users/dmitrytimofeev/.m2/repository/jakarta/annotation/jakarta.annotation-api/1.3.5/jakarta.annotation-api-1.3.5.jar:/Users/dmitrytimofeev/.m2/repository/org/springframework/spring-core/5.3.22/spring-core-5.3.22.jar:/Users/dmitrytimofeev/.m2/repository/org/springframework/spring-jcl/5.3.22/spring-jcl-5.3.22.jar:/Users/dmitrytimofeev/.m2/repository/org/yaml/snakeyaml/1.29/snakeyaml-1.29.jar:/Users/dmitrytimofeev/.m2/repository/org/telegram/telegrambots-spring-boot-starter/6.1.0/telegrambots-spring-boot-starter-6.1.0.jar:/Users/dmitrytimofeev/.m2/repository/org/telegram/telegrambots/6.1.0/telegrambots-6.1.0.jar:/Users/dmitrytimofeev/.m2/repository/org/telegram/telegrambots-meta/6.1.0/telegrambots-meta-6.1.0.jar:/Users/dmitrytimofeev/.m2/repository/com/google/guava/guava/31.1-jre/guava-31.1-jre.jar:/Users/dmitrytimofeev/.m2/repository/com/google/guava/failureaccess/1.0.1/failureaccess-1.0.1.jar:/Users/dmitrytimofeev/.m2/repository/com/google/guava/listenablefuture/9999.0-empty-to-avoid-conflict-with-guava/listenablefuture-9999.0-empty-to-avoid-conflict-with-guava.jar:/Users/dmitrytimofeev/.m2/repository/com/google/code/findbugs/jsr305/3.0.2/jsr305-3.0.2.jar:/Users/dmitrytimofeev/.m2/repository/com/google/errorprone/error_prone_annotations/2.11.0/error_prone_annotations-2.11.0.jar:/Users/dmitrytimofeev/.m2/repository/com/google/j2objc/j2objc-annotations/1.3/j2objc-annotations-1.3.jar:/Users/dmitrytimofeev/.m2/repository/com/fasterxml/jackson/core/jackson-annotations/2.13.3/jackson-annotations-2.13.3.jar:/Users/dmitrytimofeev/.m2/repository/com/fasterxml/jackson/jaxrs/jackson-jaxrs-json-provider/2.13.3/jackson-jaxrs-json-provider-2.13.3.jar:/Users/dmitrytimofeev/.m2/repository/com/fasterxml/jackson/jaxrs/jackson-jaxrs-base/2.13.3/jackson-jaxrs-base-2.13.3.jar:/Users/dmitrytimofeev/.m2/repository/com/fasterxml/jackson/module/jackson-module-jaxb-annotations/2.13.3/jackson-module-jaxb-annotations-2.13.3.jar:/Users/dmitrytimofeev/.m2/repository/com/fasterxml/jackson/core/jackson-core/2.13.3/jackson-core-2.13.3.jar:/Users/dmitrytimofeev/.m2/repository/com/fasterxml/jackson/core/jackson-databind/2.13.3/jackson-databind-2.13.3.jar:/Users/dmitrytimofeev/.m2/repository/org/glassfish/jersey/inject/jersey-hk2/2.35/jersey-hk2-2.35.jar:/Users/dmitrytimofeev/.m2/repository/org/glassfish/jersey/core/jersey-common/2.35/jersey-common-2.35.jar:/Users/dmitrytimofeev/.m2/repository/org/glassfish/hk2/osgi-resource-locator/1.0.3/osgi-resource-locator-1.0.3.jar:/Users/dmitrytimofeev/.m2/repository/org/glassfish/hk2/hk2-locator/2.6.1/hk2-locator-2.6.1.jar:/Users/dmitrytimofeev/.m2/repository/org/glassfish/hk2/external/aopalliance-repackaged/2.6.1/aopalliance-repackaged-2.6.1.jar:/Users/dmitrytimofeev/.m2/repository/org/glassfish/hk2/hk2-api/2.6.1/hk2-api-2.6.1.jar:/Users/dmitrytimofeev/.m2/repository/org/glassfish/hk2/hk2-utils/2.6.1/hk2-utils-2.6.1.jar:/Users/dmitrytimofeev/.m2/repository/org/javassist/javassist/3.25.0-GA/javassist-3.25.0-GA.jar:/Users/dmitrytimofeev/.m2/repository/org/glassfish/jersey/media/jersey-media-json-jackson/2.35/jersey-media-json-jackson-2.35.jar:/Users/dmitrytimofeev/.m2/repository/org/glassfish/jersey/ext/jersey-entity-filtering/2.35/jersey-entity-filtering-2.35.jar:/Users/dmitrytimofeev/.m2/repository/org/glassfish/jersey/containers/jersey-container-grizzly2-http/2.35/jersey-container-grizzly2-http-2.35.jar:/Users/dmitrytimofeev/.m2/repository/org/glassfish/hk2/external/jakarta.inject/2.6.1/jakarta.inject-2.6.1.jar:/Users/dmitrytimofeev/.m2/repository/org/glassfish/grizzly/grizzly-http-server/2.4.4/grizzly-http-server-2.4.4.jar:/Users/dmitrytimofeev/.m2/repository/org/glassfish/grizzly/grizzly-http/2.4.4/grizzly-http-2.4.4.jar:/Users/dmitrytimofeev/.m2/repository/org/glassfish/grizzly/grizzly-framework/2.4.4/grizzly-framework-2.4.4.jar:/Users/dmitrytimofeev/.m2/repository/jakarta/ws/rs/jakarta.ws.rs-api/2.1.6/jakarta.ws.rs-api-2.1.6.jar:/Users/dmitrytimofeev/.m2/repository/org/glassfish/jersey/core/jersey-server/2.35/jersey-server-2.35.jar:/Users/dmitrytimofeev/.m2/repository/org/glassfish/jersey/core/jersey-client/2.35/jersey-client-2.35.jar:/Users/dmitrytimofeev/.m2/repository/jakarta/validation/jakarta.validation-api/2.0.2/jakarta.validation-api-2.0.2.jar:/Users/dmitrytimofeev/.m2/repository/org/json/json/20220320/json-20220320.jar:/Users/dmitrytimofeev/.m2/repository/commons-io/commons-io/2.11.0/commons-io-2.11.0.jar:/Users/dmitrytimofeev/.m2/repository/org/slf4j/slf4j-api/1.7.36/slf4j-api-1.7.36.jar:/Users/dmitrytimofeev/.m2/repository/org/flywaydb/flyway-core/8.0.5/flyway-core-8.0.5.jar:/Users/dmitrytimofeev/.m2/repository/mysql/mysql-connector-java/8.0.30/mysql-connector-java-8.0.30.jar:/Users/dmitrytimofeev/.m2/repository/org/springframework/boot/spring-boot-starter-data-jpa/2.6.11/spring-boot-starter-data-jpa-2.6.11.jar:/Users/dmitrytimofeev/.m2/repository/org/springframework/boot/spring-boot-starter-aop/2.6.11/spring-boot-starter-aop-2.6.11.jar:/Users/dmitrytimofeev/.m2/repository/org/springframework/spring-aop/5.3.22/spring-aop-5.3.22.jar:/Users/dmitrytimofeev/.m2/repository/org/aspectj/aspectjweaver/1.9.7/aspectjweaver-1.9.7.jar:/Users/dmitrytimofeev/.m2/repository/org/springframework/boot/spring-boot-starter-jdbc/2.6.11/spring-boot-starter-jdbc-2.6.11.jar:/Users/dmitrytimofeev/.m2/repository/com/zaxxer/HikariCP/4.0.3/HikariCP-4.0.3.jar:/Users/dmitrytimofeev/.m2/repository/org/springframework/spring-jdbc/5.3.22/spring-jdbc-5.3.22.jar:/Users/dmitrytimofeev/.m2/repository/jakarta/transaction/jakarta.transaction-api/1.3.3/jakarta.transaction-api-1.3.3.jar:/Users/dmitrytimofeev/.m2/repository/jakarta/persistence/jakarta.persistence-api/2.2.3/jakarta.persistence-api-2.2.3.jar:/Users/dmitrytimofeev/.m2/repository/org/hibernate/hibernate-core/5.6.10.Final/hibernate-core-5.6.10.Final.jar:/Users/dmitrytimofeev/.m2/repository/org/jboss/logging/jboss-logging/3.4.3.Final/jboss-logging-3.4.3.Final.jar:/Users/dmitrytimofeev/.m2/repository/net/bytebuddy/byte-buddy/1.11.22/byte-buddy-1.11.22.jar:/Users/dmitrytimofeev/.m2/repository/antlr/antlr/2.7.7/antlr-2.7.7.jar:/Users/dmitrytimofeev/.m2/repository/org/jboss/jandex/2.4.2.Final/jandex-2.4.2.Final.jar:/Users/dmitrytimofeev/.m2/repository/com/fasterxml/classmate/1.5.1/classmate-1.5.1.jar:/Users/dmitrytimofeev/.m2/repository/org/hibernate/common/hibernate-commons-annotations/5.1.2.Final/hibernate-commons-annotations-5.1.2.Final.jar:/Users/dmitrytimofeev/.m2/repository/org/glassfish/jaxb/jaxb-runtime/2.3.6/jaxb-runtime-2.3.6.jar:/Users/dmitrytimofeev/.m2/repository/org/glassfish/jaxb/txw2/2.3.6/txw2-2.3.6.jar:/Users/dmitrytimofeev/.m2/repository/com/sun/istack/istack-commons-runtime/3.0.12/istack-commons-runtime-3.0.12.jar:/Users/dmitrytimofeev/.m2/repository/com/sun/activation/jakarta.activation/1.2.2/jakarta.activation-1.2.2.jar:/Users/dmitrytimofeev/.m2/repository/org/springframework/data/spring-data-jpa/2.6.6/spring-data-jpa-2.6.6.jar:/Users/dmitrytimofeev/.m2/repository/org/springframework/data/spring-data-commons/2.6.6/spring-data-commons-2.6.6.jar:/Users/dmitrytimofeev/.m2/repository/org/springframework/spring-orm/5.3.22/spring-orm-5.3.22.jar:/Users/dmitrytimofeev/.m2/repository/org/springframework/spring-tx/5.3.22/spring-tx-5.3.22.jar:/Users/dmitrytimofeev/.m2/repository/org/springframework/spring-beans/5.3.22/spring-beans-5.3.22.jar:/Users/dmitrytimofeev/.m2/repository/org/springframework/spring-aspects/5.3.22/spring-aspects-5.3.22.jar:/Users/dmitrytimofeev/.m2/repository/org/projectlombok/lombok/1.18.24/lombok-1.18.24.jar:/Users/dmitrytimofeev/.m2/repository/com/konghq/unirest-java/3.13.11/unirest-java-3.13.11.jar:/Users/dmitrytimofeev/.m2/repository/org/apache/httpcomponents/httpclient/4.5.13/httpclient-4.5.13.jar:/Users/dmitrytimofeev/.m2/repository/org/apache/httpcomponents/httpcore/4.4.15/httpcore-4.4.15.jar:/Users/dmitrytimofeev/.m2/repository/org/apache/httpcomponents/httpmime/4.5.13/httpmime-4.5.13.jar:/Users/dmitrytimofeev/.m2/repository/org/apache/httpcomponents/httpcore-nio/4.4.15/httpcore-nio-4.4.15.jar:/Users/dmitrytimofeev/.m2/repository/org/apache/httpcomponents/httpasyncclient/4.1.5/httpasyncclient-4.1.5.jar:/Users/dmitrytimofeev/.m2/repository/commons-codec/commons-codec/1.15/commons-codec-1.15.jar:/Users/dmitrytimofeev/.m2/repository/com/google/code/gson/gson/2.8.9/gson-2.8.9.jar:/Users/dmitrytimofeev/.m2/repository/org/apache/commons/commons-lang3/3.12.0/commons-lang3-3.12.0.jar:/Users/dmitrytimofeev/.m2/repository/org/postgresql/postgresql/42.5.0/postgresql-42.5.0.jar:/Users/dmitrytimofeev/.m2/repository/org/checkerframework/checker-qual/3.5.0/checker-qual-3.5.0.jar:/Users/dmitrytimofeev/.m2/repository/org/springframework/boot/spring-boot-starter-test/2.6.11/spring-boot-starter-test-2.6.11.jar:/Users/dmitrytimofeev/.m2/repository/org/springframework/boot/spring-boot-test/2.6.11/spring-boot-test-2.6.11.jar:/Users/dmitrytimofeev/.m2/repository/org/springframework/boot/spring-boot-test-autoconfigure/2.6.11/spring-boot-test-autoconfigure-2.6.11.jar:/Users/dmitrytimofeev/.m2/repository/com/jayway/jsonpath/json-path/2.6.0/json-path-2.6.0.jar:/Users/dmitrytimofeev/.m2/repository/net/minidev/json-smart/2.4.8/json-smart-2.4.8.jar:/Users/dmitrytimofeev/.m2/repository/net/minidev/accessors-smart/2.4.8/accessors-smart-2.4.8.jar:/Users/dmitrytimofeev/.m2/repository/org/ow2/asm/asm/9.1/asm-9.1.jar:/Users/dmitrytimofeev/.m2/repository/jakarta/xml/bind/jakarta.xml.bind-api/2.3.3/jakarta.xml.bind-api-2.3.3.jar:/Users/dmitrytimofeev/.m2/repository/jakarta/activation/jakarta.activation-api/1.2.2/jakarta.activation-api-1.2.2.jar:/Users/dmitrytimofeev/.m2/repository/org/assertj/assertj-core/3.21.0/assertj-core-3.21.0.jar:/Users/dmitrytimofeev/.m2/repository/org/hamcrest/hamcrest/2.2/hamcrest-2.2.jar:/Users/dmitrytimofeev/.m2/repository/org/junit/jupiter/junit-jupiter/5.8.2/junit-jupiter-5.8.2.jar:/Users/dmitrytimofeev/.m2/repository/org/junit/jupiter/junit-jupiter-api/5.8.2/junit-jupiter-api-5.8.2.jar:/Users/dmitrytimofeev/.m2/repository/org/opentest4j/opentest4j/1.2.0/opentest4j-1.2.0.jar:/Users/dmitrytimofeev/.m2/repository/org/junit/platform/junit-platform-commons/1.8.2/junit-platform-commons-1.8.2.jar:/Users/dmitrytimofeev/.m2/repository/org/apiguardian/apiguardian-api/1.1.2/apiguardian-api-1.1.2.jar:/Users/dmitrytimofeev/.m2/repository/org/junit/jupiter/junit-jupiter-params/5.8.2/junit-jupiter-params-5.8.2.jar:/Users/dmitrytimofeev/.m2/repository/org/junit/jupiter/junit-jupiter-engine/5.8.2/junit-jupiter-engine-5.8.2.jar:/Users/dmitrytimofeev/.m2/repository/org/junit/platform/junit-platform-engine/1.8.2/junit-platform-engine-1.8.2.jar:/Users/dmitrytimofeev/.m2/repository/org/mockito/mockito-core/4.0.0/mockito-core-4.0.0.jar:/Users/dmitrytimofeev/.m2/repository/net/bytebuddy/byte-buddy-agent/1.11.22/byte-buddy-agent-1.11.22.jar:/Users/dmitrytimofeev/.m2/repository/org/objenesis/objenesis/3.2/objenesis-3.2.jar:/Users/dmitrytimofeev/.m2/repository/org/mockito/mockito-junit-jupiter/4.0.0/mockito-junit-jupiter-4.0.0.jar:/Users/dmitrytimofeev/.m2/repository/org/skyscreamer/jsonassert/1.5.1/jsonassert-1.5.1.jar:/Users/dmitrytimofeev/.m2/repository/com/vaadin/external/google/android-json/0.0.20131108.vaadin1/android-json-0.0.20131108.vaadin1.jar:/Users/dmitrytimofeev/.m2/repository/org/springframework/spring-test/5.3.22/spring-test-5.3.22.jar:/Users/dmitrytimofeev/.m2/repository/org/xmlunit/xmlunit-core/2.8.4/xmlunit-core-2.8.4.jar:"/>
    <property name="sun.cpu.endian" value="little"/>
    <property name="user.home" value="/Users/dmitrytimofeev"/>
    <property name="user.language" value="en"/>
    <property name="java.specification.vendor" value="Oracle Corporation"/>
    <property name="java.version.date" value="2022-04-22"/>
    <property name="java.home" value="/Library/Java/JavaVirtualMachines/jdk-18.0.1.1.jdk/Contents/Home"/>
    <property name="file.separator" value="/"/>
    <property name="basedir" value="/Users/dmitrytimofeev/Desktop/Projects/telegrambot"/>
    <property name="java.vm.compressedOopsMode" value="Zero based"/>
    <property name="line.separator" value="&#10;"/>
    <property name="java.specification.name" value="Java Platform API Specification"/>
    <property name="java.vm.specification.vendor" value="Oracle Corporation"/>
    <property name="apple.awt.application.name" value="ForkedBooter"/>
    <property name="surefire.real.class.path" value="/Users/dmitrytimofeev/Desktop/Projects/telegrambot/target/surefire/surefirebooter15764284513332382195.jar"/>
    <property name="sun.management.compiler" value="HotSpot 64-Bit Tiered Compilers"/>
    <property name="ftp.nonProxyHosts" value="local|*.local|169.254/16|*.169.254/16"/>
    <property name="java.runtime.version" value="18.0.1.1+2-6"/>
    <property name="user.name" value="dmitrytimofeev"/>
    <property name="path.separator" value=":"/>
    <property name="os.version" value="12.5.1"/>
    <property name="java.runtime.name" value="Java(TM) SE Runtime Environment"/>
    <property name="file.encoding" value="UTF-8"/>
    <property name="java.vm.name" value="Java HotSpot(TM) 64-Bit Server VM"/>
    <property name="localRepository" value="/Users/dmitrytimofeev/.m2/repository"/>
    <property name="java.vendor.url.bug" value="https://bugreport.java.com/bugreport/"/>
    <property name="java.io.tmpdir" value="/var/folders/dj/ckct00p95mb78z85639fhg3sp5k9l8/T/"/>
    <property name="java.version" value="18.0.1.1"/>
    <property name="user.dir" value="/Users/dmitrytimofeev/Desktop/Projects/telegrambot"/>
    <property name="os.arch" value="x86_64"/>
    <property name="java.vm.specification.name" value="Java Virtual Machine Specification"/>
    <property name="native.encoding" value="UTF-8"/>
    <property name="java.library.path" value="/Users/dmitrytimofeev/Library/Java/Extensions:/Library/Java/Extensions:/Network/Library/Java/Extensions:/System/Library/Java/Extensions:/usr/lib/java:."/>
    <property name="java.vm.info" value="mixed mode, sharing"/>
    <property name="java.vendor" value="Oracle Corporation"/>
    <property name="java.vm.version" value="18.0.1.1+2-6"/>
    <property name="sun.io.unicode.encoding" value="UnicodeBig"/>
    <property name="socksNonProxyHosts" value="local|*.local|169.254/16|*.169.254/16"/>
    <property name="java.class.version" value="62.0"/>
  </properties>
  <testcase name="shouldProperlyReturnSubscriptionList" classname="com.github.m1santhrop.telegrambot.command.DeleteGroupSubCommandTest" time="0.028"/>
  <testcase name="shouldProperlyDeleteByGroupId" classname="com.github.m1santhrop.telegrambot.command.DeleteGroupSubCommandTest" time="0.008"/>
  <testcase name="shouldRejectByInvalidGroupId" classname="com.github.m1santhrop.telegrambot.command.DeleteGroupSubCommandTest" time="0.001"/>
  <testcase name="shouldProperlyReturnEmptySubscriptionList" classname="com.github.m1santhrop.telegrambot.command.DeleteGroupSubCommandTest" time="0.001"/>
  <testcase name="shouldDoesNotExistByGroupId" classname="com.github.m1santhrop.telegrambot.command.DeleteGroupSubCommandTest" time="0.001"/>
</testsuite>